Using pre-set license
Built from '2021.3/staging' branch; Version is '2021.3.11f1 (0a5ca18544bf) revision 679073'; Using compiler version '192829333'; Build Type 'Release'
OS: 'Windows 11  (10.0.22000) 64bit Professional' Language: 'en' Physical Memory: 16081 MB
BatchMode: 1, IsHumanControllingUs: 0, StartBugReporterOnCrash: 0, Is64bit: 1, IsPro: 1

COMMAND LINE ARGUMENTS:
C:\Program Files\Unity 2021.3.11f1\Editor\Unity.exe
-adb2
-batchMode
-noUpm
-name
AssetImportWorker15
-projectPath
C:/Users/tory/Desktop/unity Git´/Carcassone
-logFile
Logs/AssetImportWorker15.log
-srvPort
54959
Successfully changed project path to: C:/Users/tory/Desktop/unity Git´/Carcassone
C:/Users/tory/Desktop/unity Git´/Carcassone
[UnityMemory] Configuration Parameters - Can be set up in boot.config
    "memorysetup-bucket-allocator-granularity=16"
    "memorysetup-bucket-allocator-bucket-count=8"
    "memorysetup-bucket-allocator-block-size=33554432"
    "memorysetup-bucket-allocator-block-count=8"
    "memorysetup-main-allocator-block-size=16777216"
    "memorysetup-thread-allocator-block-size=16777216"
    "memorysetup-gfx-main-allocator-block-size=16777216"
    "memorysetup-gfx-thread-allocator-block-size=16777216"
    "memorysetup-cache-allocator-block-size=4194304"
    "memorysetup-typetree-allocator-block-size=2097152"
    "memorysetup-profiler-bucket-allocator-granularity=16"
    "memorysetup-profiler-bucket-allocator-bucket-count=8"
    "memorysetup-profiler-bucket-allocator-block-size=33554432"
    "memorysetup-profiler-bucket-allocator-block-count=8"
    "memorysetup-profiler-allocator-block-size=16777216"
    "memorysetup-profiler-editor-allocator-block-size=1048576"
    "memorysetup-temp-allocator-size-main=16777216"
    "memorysetup-job-temp-allocator-block-size=2097152"
    "memorysetup-job-temp-allocator-block-size-background=1048576"
    "memorysetup-job-temp-allocator-reduction-small-platforms=262144"
    "memorysetup-temp-allocator-size-background-worker=32768"
    "memorysetup-temp-allocator-size-job-worker=262144"
    "memorysetup-temp-allocator-size-preload-manager=33554432"
    "memorysetup-temp-allocator-size-nav-mesh-worker=65536"
    "memorysetup-temp-allocator-size-audio-worker=65536"
    "memorysetup-temp-allocator-size-cloud-worker=32768"
    "memorysetup-temp-allocator-size-gi-baking-worker=262144"
    "memorysetup-temp-allocator-size-gfx=262144"
Refreshing native plugins compatible for Editor in 84.48 ms, found 3 plugins.
Preloading 0 native plugins for Editor in 0.00 ms.
Initialize engine version: 2021.3.11f1 (0a5ca18544bf)
[Subsystems] Discovering subsystems at path C:/Program Files/Unity 2021.3.11f1/Editor/Data/Resources/UnitySubsystems
[Subsystems] Discovering subsystems at path C:/Users/tory/Desktop/unity Git´/Carcassone/Assets
GfxDevice: creating device client; threaded=0; jobified=0
Direct3D:
    Version:  Direct3D 11.0 [level 11.1]
    Renderer: Intel(R) Iris(R) Xe Graphics (ID=0x46a6)
    Vendor:   Intel
    VRAM:     8040 MB
    Driver:   31.0.101.3889
Initialize mono
Mono path[0] = 'C:/Program Files/Unity 2021.3.11f1/Editor/Data/Managed'
Mono path[1] = 'C:/Program Files/Unity 2021.3.11f1/Editor/Data/MonoBleedingEdge/lib/mono/unityjit-win32'
Mono config path = 'C:/Program Files/Unity 2021.3.11f1/Editor/Data/MonoBleedingEdge/etc'
Using monoOptions --debugger-agent=transport=dt_socket,embedding=1,server=y,suspend=n,address=127.0.0.1:56700
Begin MonoManager ReloadAssembly
Registering precompiled unity dll's ...
Register platform support module: C:/Program Files/Unity 2021.3.11f1/Editor/Data/PlaybackEngines/iOSSupport/UnityEditor.iOS.Extensions.dll
Register platform support module: C:/Program Files/Unity 2021.3.11f1/Editor/Data/PlaybackEngines/WindowsStandaloneSupport/UnityEditor.WindowsStandalone.Extensions.dll
Registered in 0.003550 seconds.
Native extension for WindowsStandalone target not found
[usbmuxd] Start listen thread
[usbmuxd] Listen thread started
[usbmuxd] Send listen message
Native extension for iOS target not found
Refreshing native plugins compatible for Editor in 86.17 ms, found 3 plugins.
Preloading 0 native plugins for Editor in 0.00 ms.
Mono: successfully reloaded assembly
- Completed reload, in  0.628 seconds
Domain Reload Profiling:
	ReloadAssembly (629ms)
		BeginReloadAssembly (68ms)
			ExecutionOrderSort (0ms)
			DisableScriptedObjects (0ms)
			BackupInstance (0ms)
			ReleaseScriptingObjects (0ms)
			CreateAndSetChildDomain (1ms)
		EndReloadAssembly (467ms)
			LoadAssemblies (66ms)
			RebuildTransferFunctionScriptingTraits (0ms)
			SetupTypeCache (91ms)
			ReleaseScriptCaches (0ms)
			RebuildScriptCaches (37ms)
			SetupLoadedEditorAssemblies (288ms)
				LogAssemblyErrors (0ms)
				InitializePlatformSupportModulesInManaged (19ms)
				SetLoadedEditorAssemblies (0ms)
				RefreshPlugins (86ms)
				BeforeProcessingInitializeOnLoad (2ms)
				ProcessInitializeOnLoadAttributes (127ms)
				ProcessInitializeOnLoadMethodAttributes (53ms)
				AfterProcessingInitializeOnLoad (0ms)
				EditorAssembliesLoaded (0ms)
			ExecutionOrderSort2 (0ms)
			AwakeInstancesAfterBackupRestoration (0ms)
Platform modules already initialized, skipping
Registering precompiled user dll's ...
Registered in 0.003613 seconds.
Begin MonoManager ReloadAssembly
Symbol file LoadedFromMemory doesn't match image C:\Users\tory\Desktop\unity Git´\Carcassone\Library\PackageCache\com.unity.visualscripting@1.7.8\Editor\VisualScripting.Core\Dependencies\YamlDotNet\Unity.VisualScripting.YamlDotNet.dll
Symbol file LoadedFromMemory doesn't match image C:\Users\tory\Desktop\unity Git´\Carcassone\Library\PackageCache\com.unity.visualscripting@1.7.8\Editor\VisualScripting.Core\Dependencies\DotNetZip\Unity.VisualScripting.IonicZip.dll
Native extension for WindowsStandalone target not found
Native extension for iOS target not found
Refreshing native plugins compatible for Editor in 0.60 ms, found 3 plugins.
Preloading 0 native plugins for Editor in 0.00 ms.
Mono: successfully reloaded assembly
- Completed reload, in  0.950 seconds
Domain Reload Profiling:
	ReloadAssembly (951ms)
		BeginReloadAssembly (94ms)
			ExecutionOrderSort (0ms)
			DisableScriptedObjects (5ms)
			BackupInstance (0ms)
			ReleaseScriptingObjects (0ms)
			CreateAndSetChildDomain (18ms)
		EndReloadAssembly (772ms)
			LoadAssemblies (67ms)
			RebuildTransferFunctionScriptingTraits (0ms)
			SetupTypeCache (238ms)
			ReleaseScriptCaches (1ms)
			RebuildScriptCaches (67ms)
			SetupLoadedEditorAssemblies (356ms)
				LogAssemblyErrors (0ms)
				InitializePlatformSupportModulesInManaged (17ms)
				SetLoadedEditorAssemblies (0ms)
				RefreshPlugins (1ms)
				BeforeProcessingInitializeOnLoad (74ms)
				ProcessInitializeOnLoadAttributes (235ms)
				ProcessInitializeOnLoadMethodAttributes (24ms)
				AfterProcessingInitializeOnLoad (4ms)
				EditorAssembliesLoaded (0ms)
			ExecutionOrderSort2 (0ms)
			AwakeInstancesAfterBackupRestoration (4ms)
Platform modules already initialized, skipping
========================================================================
Worker process is ready to serve import requests
Launched and connected shader compiler UnityShaderCompiler.exe after 0.04 seconds
Refreshing native plugins compatible for Editor in 0.70 ms, found 3 plugins.
Preloading 0 native plugins for Editor in 0.00 ms.
Unloading 3598 Unused Serialized files (Serialized files now loaded: 0)
Unloading 40 unused Assets / (184.9 KB). Loaded Objects now: 4084.
Memory consumption went from 214.1 MB to 213.9 MB.
Total: 4.454800 ms (FindLiveObjects: 0.367300 ms CreateObjectMapping: 0.169300 ms MarkObjects: 3.751300 ms  DeleteObjects: 0.164700 ms)

AssetImportParameters requested are different than current active one (requested -> active):
  custom:video-decoder-ogg-theora: a1e56fd34408186e4bbccfd4996cb3dc -> 
  custom:container-muxer-webm: aa71ff27fc2769a1b78a27578f13a17b -> 
  custom:container-demuxer-webm: 4f35f7cbe854078d1ac9338744f61a02 -> 
  custom:video-encoder-webm-vp8: eb34c28f22e8b96e1ab97ce403110664 -> 
  custom:video-codec-MediaFoundation-h265: 746d11721c4dcdbdad8f713fa42b33f4 -> 
  custom:audio-encoder-webm-vorbis: bf7c407c2cedff20999df2af8eb42d56 -> 
  custom:framework-win-MediaFoundation: 216162199b28c13a410421893ffa2e32 -> 
  custom:container-demuxer-ogg: 62fdf1f143b41e24485cea50d1cbac27 -> 
  custom:video-decoder-webm-vp8: 9c59270c3fd7afecdb556c50c9e8de78 -> 
  custom:audio-decoder-ogg-vorbis: bf7c407c2cedff20999df2af8eb42d56 -> 
========================================================================
Received Import Request.
  Time since last request: 1408651.036735 seconds.
  path: Assets/Prefabs/Base_Game/Base_Game_C2_Tile_X.prefab
  artifactKey: Guid(d1c55169107ae21488c65a7e12ec4f44) Importer(815301076,1909f56bfc062723c751e8b465ee728b)
Start importing Assets/Prefabs/Base_Game/Base_Game_C2_Tile_X.prefab using Guid(d1c55169107ae21488c65a7e12ec4f44) Importer(815301076,1909f56bfc062723c751e8b465ee728b)  -> (artifact id: '3b4805e783aeea69b987902277491cbc') in 0.123363 seconds 
========================================================================
Received Import Request.
  Time since last request: 0.000021 seconds.
  path: Assets/Prefabs/Base_Game/Base_Game_C2_Tile_O 1.prefab
  artifactKey: Guid(eb9eb3d08c442b7428a4c47ec37078ad) Importer(815301076,1909f56bfc062723c751e8b465ee728b)
Start importing Assets/Prefabs/Base_Game/Base_Game_C2_Tile_O 1.prefab using Guid(eb9eb3d08c442b7428a4c47ec37078ad) Importer(815301076,1909f56bfc062723c751e8b465ee728b)  -> (artifact id: '489aa0ffe3655e4b38eb3b0e95ded1a0') in 0.011795 seconds 
========================================================================
Received Import Request.
  Time since last request: 0.000024 seconds.
  path: Assets/Prefabs/Base_Game/Base_Game_C2_Tile_W.prefab
  artifactKey: Guid(e391879293843c74eae75e42957dd488) Importer(815301076,1909f56bfc062723c751e8b465ee728b)
Start importing Assets/Prefabs/Base_Game/Base_Game_C2_Tile_W.prefab using Guid(e391879293843c74eae75e42957dd488) Importer(815301076,1909f56bfc062723c751e8b465ee728b)  -> (artifact id: '95e5c62734b702b60fabee04842074ca') in 0.016080 seconds 
========================================================================
Received Import Request.
  Time since last request: 0.000018 seconds.
  path: Assets/Prefabs/Base_Game/Abbot-Base_Game_C2_Tile_M_Garden 1.prefab
  artifactKey: Guid(50f3b47f511cacd42b7d272fb1082711) Importer(815301076,1909f56bfc062723c751e8b465ee728b)
Start importing Assets/Prefabs/Base_Game/Abbot-Base_Game_C2_Tile_M_Garden 1.prefab using Guid(50f3b47f511cacd42b7d272fb1082711) Importer(815301076,1909f56bfc062723c751e8b465ee728b)  -> (artifact id: '0e83bec985ccd4a9c5e7b09b9eaa020c') in 0.015313 seconds 
========================================================================
Received Import Request.
  Time since last request: 0.000024 seconds.
  path: Assets/Prefabs/Base_Game/Base_Game_C2_Tile_G 1.prefab
  artifactKey: Guid(cadc70c90275a0345ab76a0eec8976a6) Importer(815301076,1909f56bfc062723c751e8b465ee728b)
Start importing Assets/Prefabs/Base_Game/Base_Game_C2_Tile_G 1.prefab using Guid(cadc70c90275a0345ab76a0eec8976a6) Importer(815301076,1909f56bfc062723c751e8b465ee728b)  -> (artifact id: '6a6af6d30a8ec9fc7807070227313b4a') in 0.010917 seconds 
========================================================================
Received Import Request.
  Time since last request: 0.000021 seconds.
  path: Assets/Prefabs/Base_Game/Abbot-Base_Game_C2_Tile_U_Garden.prefab
  artifactKey: Guid(e2c1e4b258aa95e49bf156f9011aa344) Importer(815301076,1909f56bfc062723c751e8b465ee728b)
Start importing Assets/Prefabs/Base_Game/Abbot-Base_Game_C2_Tile_U_Garden.prefab using Guid(e2c1e4b258aa95e49bf156f9011aa344) Importer(815301076,1909f56bfc062723c751e8b465ee728b)  -> (artifact id: 'f42dbab53f619d6b680a1a1ac6e9f502') in 0.012278 seconds 
========================================================================
Received Import Request.
  Time since last request: 0.000032 seconds.
  path: Assets/Prefabs/Base_Game/Base_Game_C2_Tile_H 1.prefab
  artifactKey: Guid(6c5335dbea1ef5f48802dfe8f00f79a6) Importer(815301076,1909f56bfc062723c751e8b465ee728b)
Start importing Assets/Prefabs/Base_Game/Base_Game_C2_Tile_H 1.prefab using Guid(6c5335dbea1ef5f48802dfe8f00f79a6) Importer(815301076,1909f56bfc062723c751e8b465ee728b)  -> (artifact id: '0e3c17060f48147c1926b042d1e6e72e') in 0.015496 seconds 
========================================================================
Received Import Request.
  Time since last request: 0.000074 seconds.
  path: Assets/Prefabs/Base_Game/Base_Game_C2_Tile_U.prefab
  artifactKey: Guid(09f357adb597fe1469f29b4a57bc4dd1) Importer(815301076,1909f56bfc062723c751e8b465ee728b)
Start importing Assets/Prefabs/Base_Game/Base_Game_C2_Tile_U.prefab using Guid(09f357adb597fe1469f29b4a57bc4dd1) Importer(815301076,1909f56bfc062723c751e8b465ee728b)  -> (artifact id: '143ffa3df54282635fa47a83f6e78804') in 0.013739 seconds 
========================================================================
Received Import Request.
  Time since last request: 0.000026 seconds.
  path: Assets/Prefabs/Base_Game/Base_Game_C2_Tile_C 1.prefab
  artifactKey: Guid(f905c05f107658045952095e64ae6e5a) Importer(815301076,1909f56bfc062723c751e8b465ee728b)
Start importing Assets/Prefabs/Base_Game/Base_Game_C2_Tile_C 1.prefab using Guid(f905c05f107658045952095e64ae6e5a) Importer(815301076,1909f56bfc062723c751e8b465ee728b)  -> (artifact id: 'd62d80f00b991af1f68e64f071ac9aad') in 0.015703 seconds 
========================================================================
Received Import Request.
  Time since last request: 0.000031 seconds.
  path: Assets/Prefabs/Base_Game/Base_Game_C2_Tile_I 1.prefab
  artifactKey: Guid(dade68878fd677a4a8a4d4d057a41f57) Importer(815301076,1909f56bfc062723c751e8b465ee728b)
Start importing Assets/Prefabs/Base_Game/Base_Game_C2_Tile_I 1.prefab using Guid(dade68878fd677a4a8a4d4d057a41f57) Importer(815301076,1909f56bfc062723c751e8b465ee728b)  -> (artifact id: '6f3bd43eb9b890fb7db54d2a2bfc20f0') in 0.013276 seconds 
========================================================================
Received Import Request.
  Time since last request: 0.000022 seconds.
  path: Assets/Prefabs/Base_Game/Base_Game_C2_Tile_A.prefab
  artifactKey: Guid(1996a57997ae757478081a882799bf88) Importer(815301076,1909f56bfc062723c751e8b465ee728b)
Start importing Assets/Prefabs/Base_Game/Base_Game_C2_Tile_A.prefab using Guid(1996a57997ae757478081a882799bf88) Importer(815301076,1909f56bfc062723c751e8b465ee728b)  -> (artifact id: '15ef86b70811fc45fe35ec3f4c168d73') in 0.033359 seconds 
========================================================================
Received Import Request.
  Time since last request: 0.000032 seconds.
  path: Assets/Prefabs/Base_Game/Abbot-Base_Game_C2_Tile_V_Garden.prefab
  artifactKey: Guid(e5e667191d394bd4894b4d20df11dd3a) Importer(815301076,1909f56bfc062723c751e8b465ee728b)
Start importing Assets/Prefabs/Base_Game/Abbot-Base_Game_C2_Tile_V_Garden.prefab using Guid(e5e667191d394bd4894b4d20df11dd3a) Importer(815301076,1909f56bfc062723c751e8b465ee728b)  -> (artifact id: 'e8e35930fef5028e9c7b2c980a3712ce') in 0.019781 seconds 
========================================================================
Received Import Request.
  Time since last request: 0.000022 seconds.
  path: Assets/Prefabs/Base_Game/Base_Game_C2_Tile_V.prefab
  artifactKey: Guid(12b42134b9a7547409f7047eca47ae2b) Importer(815301076,1909f56bfc062723c751e8b465ee728b)
Start importing Assets/Prefabs/Base_Game/Base_Game_C2_Tile_V.prefab using Guid(12b42134b9a7547409f7047eca47ae2b) Importer(815301076,1909f56bfc062723c751e8b465ee728b)  -> (artifact id: 'e0fb2010e44c4ae855dc5269b618346c') in 0.019278 seconds 
========================================================================
Received Import Request.
  Time since last request: 0.000021 seconds.
  path: Assets/Prefabs/Base_Game/Base_Game_C2_Tile_N.prefab
  artifactKey: Guid(5ae5120f5c26cfe4bb2c10a68cbdd8be) Importer(815301076,1909f56bfc062723c751e8b465ee728b)
Start importing Assets/Prefabs/Base_Game/Base_Game_C2_Tile_N.prefab using Guid(5ae5120f5c26cfe4bb2c10a68cbdd8be) Importer(815301076,1909f56bfc062723c751e8b465ee728b)  -> (artifact id: '04d0369712efebc48c50b17ceaee0660') in 0.011492 seconds 
========================================================================
Received Import Request.
  Time since last request: 0.000029 seconds.
  path: Assets/Prefabs/Base_Game/Base_Game_C2_Tile_T.prefab
  artifactKey: Guid(555aa78baa5a3694bb318cf18a140fee) Importer(815301076,1909f56bfc062723c751e8b465ee728b)
Start importing Assets/Prefabs/Base_Game/Base_Game_C2_Tile_T.prefab using Guid(555aa78baa5a3694bb318cf18a140fee) Importer(815301076,1909f56bfc062723c751e8b465ee728b)  -> (artifact id: 'cf3111deee6aadefb984304c8a50404a') in 0.011800 seconds 
========================================================================
Received Prepare
Registering precompiled user dll's ...
Registered in 0.005517 seconds.
Begin MonoManager ReloadAssembly
Symbol file LoadedFromMemory doesn't match image C:\Users\tory\Desktop\unity Git´\Carcassone\Library\PackageCache\com.unity.visualscripting@1.7.8\Editor\VisualScripting.Core\Dependencies\YamlDotNet\Unity.VisualScripting.YamlDotNet.dll
Symbol file LoadedFromMemory doesn't match image C:\Users\tory\Desktop\unity Git´\Carcassone\Library\PackageCache\com.unity.visualscripting@1.7.8\Editor\VisualScripting.Core\Dependencies\DotNetZip\Unity.VisualScripting.IonicZip.dll
Native extension for WindowsStandalone target not found
Native extension for iOS target not found
Refreshing native plugins compatible for Editor in 0.59 ms, found 3 plugins.
Preloading 0 native plugins for Editor in 0.00 ms.
Mono: successfully reloaded assembly
- Completed reload, in  1.384 seconds
Domain Reload Profiling:
	ReloadAssembly (1385ms)
		BeginReloadAssembly (142ms)
			ExecutionOrderSort (0ms)
			DisableScriptedObjects (5ms)
			BackupInstance (0ms)
			ReleaseScriptingObjects (0ms)
			CreateAndSetChildDomain (43ms)
		EndReloadAssembly (1127ms)
			LoadAssemblies (87ms)
			RebuildTransferFunctionScriptingTraits (0ms)
			SetupTypeCache (337ms)
			ReleaseScriptCaches (2ms)
			RebuildScriptCaches (63ms)
			SetupLoadedEditorAssemblies (565ms)
				LogAssemblyErrors (0ms)
				InitializePlatformSupportModulesInManaged (39ms)
				SetLoadedEditorAssemblies (1ms)
				RefreshPlugins (1ms)
				BeforeProcessingInitializeOnLoad (85ms)
				ProcessInitializeOnLoadAttributes (389ms)
				ProcessInitializeOnLoadMethodAttributes (43ms)
				AfterProcessingInitializeOnLoad (8ms)
				EditorAssembliesLoaded (0ms)
			ExecutionOrderSort2 (0ms)
			AwakeInstancesAfterBackupRestoration (9ms)
Platform modules already initialized, skipping
Refreshing native plugins compatible for Editor in 2.67 ms, found 3 plugins.
Preloading 0 native plugins for Editor in 0.00 ms.
Unloading 3580 Unused Serialized files (Serialized files now loaded: 0)
Unloading 21 unused Assets / (151.8 KB). Loaded Objects now: 4109.
Memory consumption went from 217.1 MB to 217.0 MB.
Total: 4.485300 ms (FindLiveObjects: 0.438600 ms CreateObjectMapping: 0.218800 ms MarkObjects: 3.647900 ms  DeleteObjects: 0.178200 ms)

AssetImportParameters requested are different than current active one (requested -> active):
  custom:video-decoder-ogg-theora: a1e56fd34408186e4bbccfd4996cb3dc -> 
  custom:container-muxer-webm: aa71ff27fc2769a1b78a27578f13a17b -> 
  custom:container-demuxer-webm: 4f35f7cbe854078d1ac9338744f61a02 -> 
  custom:video-encoder-webm-vp8: eb34c28f22e8b96e1ab97ce403110664 -> 
  custom:video-codec-MediaFoundation-h265: 746d11721c4dcdbdad8f713fa42b33f4 -> 
  custom:audio-encoder-webm-vorbis: bf7c407c2cedff20999df2af8eb42d56 -> 
  custom:framework-win-MediaFoundation: 216162199b28c13a410421893ffa2e32 -> 
  custom:container-demuxer-ogg: 62fdf1f143b41e24485cea50d1cbac27 -> 
  custom:video-decoder-webm-vp8: 9c59270c3fd7afecdb556c50c9e8de78 -> 
  custom:audio-decoder-ogg-vorbis: bf7c407c2cedff20999df2af8eb42d56 -> 
Editor requested this worker to shutdown with reason: Scaling down because of idle timeout
AssetImportWorker is now disconnected from the server
Process exiting
Exiting without the bug reporter. Application will terminate with return code 0