Using pre-set license
Built from '2021.3/staging' branch; Version is '2021.3.11f1 (0a5ca18544bf) revision 679073'; Using compiler version '192829333'; Build Type 'Release'
OS: 'Windows 11  (10.0.22000) 64bit Professional' Language: 'en' Physical Memory: 16081 MB
BatchMode: 1, IsHumanControllingUs: 0, StartBugReporterOnCrash: 0, Is64bit: 1, IsPro: 1

COMMAND LINE ARGUMENTS:
C:\Program Files\Unity 2021.3.11f1\Editor\Unity.exe
-adb2
-batchMode
-noUpm
-name
AssetImportWorker0
-projectPath
C:/Users/tory/Desktop/unity Git´/Carcassone
-logFile
Logs/AssetImportWorker0.log
-srvPort
57513
Successfully changed project path to: C:/Users/tory/Desktop/unity Git´/Carcassone
C:/Users/tory/Desktop/unity Git´/Carcassone
[UnityMemory] Configuration Parameters - Can be set up in boot.config
    "memorysetup-bucket-allocator-granularity=16"
    "memorysetup-bucket-allocator-bucket-count=8"
    "memorysetup-bucket-allocator-block-size=33554432"
    "memorysetup-bucket-allocator-block-count=8"
    "memorysetup-main-allocator-block-size=16777216"
    "memorysetup-thread-allocator-block-size=16777216"
    "memorysetup-gfx-main-allocator-block-size=16777216"
    "memorysetup-gfx-thread-allocator-block-size=16777216"
    "memorysetup-cache-allocator-block-size=4194304"
    "memorysetup-typetree-allocator-block-size=2097152"
    "memorysetup-profiler-bucket-allocator-granularity=16"
    "memorysetup-profiler-bucket-allocator-bucket-count=8"
    "memorysetup-profiler-bucket-allocator-block-size=33554432"
    "memorysetup-profiler-bucket-allocator-block-count=8"
    "memorysetup-profiler-allocator-block-size=16777216"
    "memorysetup-profiler-editor-allocator-block-size=1048576"
    "memorysetup-temp-allocator-size-main=16777216"
    "memorysetup-job-temp-allocator-block-size=2097152"
    "memorysetup-job-temp-allocator-block-size-background=1048576"
    "memorysetup-job-temp-allocator-reduction-small-platforms=262144"
    "memorysetup-temp-allocator-size-background-worker=32768"
    "memorysetup-temp-allocator-size-job-worker=262144"
    "memorysetup-temp-allocator-size-preload-manager=33554432"
    "memorysetup-temp-allocator-size-nav-mesh-worker=65536"
    "memorysetup-temp-allocator-size-audio-worker=65536"
    "memorysetup-temp-allocator-size-cloud-worker=32768"
    "memorysetup-temp-allocator-size-gi-baking-worker=262144"
    "memorysetup-temp-allocator-size-gfx=262144"
Refreshing native plugins compatible for Editor in 64.02 ms, found 3 plugins.
Preloading 0 native plugins for Editor in 0.00 ms.
Initialize engine version: 2021.3.11f1 (0a5ca18544bf)
[Subsystems] Discovering subsystems at path C:/Program Files/Unity 2021.3.11f1/Editor/Data/Resources/UnitySubsystems
[Subsystems] Discovering subsystems at path C:/Users/tory/Desktop/unity Git´/Carcassone/Assets
GfxDevice: creating device client; threaded=0; jobified=0
Direct3D:
    Version:  Direct3D 11.0 [level 11.1]
    Renderer: Intel(R) Iris(R) Xe Graphics (ID=0x46a6)
    Vendor:   Intel
    VRAM:     8040 MB
    Driver:   31.0.101.3889
Initialize mono
Mono path[0] = 'C:/Program Files/Unity 2021.3.11f1/Editor/Data/Managed'
Mono path[1] = 'C:/Program Files/Unity 2021.3.11f1/Editor/Data/MonoBleedingEdge/lib/mono/unityjit-win32'
Mono config path = 'C:/Program Files/Unity 2021.3.11f1/Editor/Data/MonoBleedingEdge/etc'
Using monoOptions --debugger-agent=transport=dt_socket,embedding=1,server=y,suspend=n,address=127.0.0.1:56136
Begin MonoManager ReloadAssembly
Registering precompiled unity dll's ...
Register platform support module: C:/Program Files/Unity 2021.3.11f1/Editor/Data/PlaybackEngines/iOSSupport/UnityEditor.iOS.Extensions.dll
Register platform support module: C:/Program Files/Unity 2021.3.11f1/Editor/Data/PlaybackEngines/WindowsStandaloneSupport/UnityEditor.WindowsStandalone.Extensions.dll
Registered in 0.002400 seconds.
Native extension for WindowsStandalone target not found
[usbmuxd] Start listen thread
[usbmuxd] Listen thread started
Native extension for iOS target not found
[usbmuxd] Send listen message
Refreshing native plugins compatible for Editor in 61.82 ms, found 3 plugins.
Preloading 0 native plugins for Editor in 0.00 ms.
Mono: successfully reloaded assembly
- Completed reload, in  0.526 seconds
Domain Reload Profiling:
	ReloadAssembly (527ms)
		BeginReloadAssembly (59ms)
			ExecutionOrderSort (0ms)
			DisableScriptedObjects (0ms)
			BackupInstance (0ms)
			ReleaseScriptingObjects (0ms)
			CreateAndSetChildDomain (1ms)
		EndReloadAssembly (388ms)
			LoadAssemblies (58ms)
			RebuildTransferFunctionScriptingTraits (0ms)
			SetupTypeCache (83ms)
			ReleaseScriptCaches (0ms)
			RebuildScriptCaches (34ms)
			SetupLoadedEditorAssemblies (229ms)
				LogAssemblyErrors (0ms)
				InitializePlatformSupportModulesInManaged (19ms)
				SetLoadedEditorAssemblies (0ms)
				RefreshPlugins (62ms)
				BeforeProcessingInitializeOnLoad (1ms)
				ProcessInitializeOnLoadAttributes (106ms)
				ProcessInitializeOnLoadMethodAttributes (41ms)
				AfterProcessingInitializeOnLoad (0ms)
				EditorAssembliesLoaded (0ms)
			ExecutionOrderSort2 (0ms)
			AwakeInstancesAfterBackupRestoration (0ms)
Platform modules already initialized, skipping
Registering precompiled user dll's ...
Registered in 0.003595 seconds.
Begin MonoManager ReloadAssembly
Symbol file LoadedFromMemory doesn't match image C:\Users\tory\Desktop\unity Git´\Carcassone\Library\PackageCache\com.unity.visualscripting@1.7.8\Editor\VisualScripting.Core\Dependencies\YamlDotNet\Unity.VisualScripting.YamlDotNet.dll
Symbol file LoadedFromMemory doesn't match image C:\Users\tory\Desktop\unity Git´\Carcassone\Library\PackageCache\com.unity.visualscripting@1.7.8\Editor\VisualScripting.Core\Dependencies\DotNetZip\Unity.VisualScripting.IonicZip.dll
Native extension for WindowsStandalone target not found
Native extension for iOS target not found
Refreshing native plugins compatible for Editor in 0.59 ms, found 3 plugins.
Preloading 0 native plugins for Editor in 0.00 ms.
Mono: successfully reloaded assembly
- Completed reload, in  0.952 seconds
Domain Reload Profiling:
	ReloadAssembly (952ms)
		BeginReloadAssembly (101ms)
			ExecutionOrderSort (0ms)
			DisableScriptedObjects (4ms)
			BackupInstance (0ms)
			ReleaseScriptingObjects (0ms)
			CreateAndSetChildDomain (21ms)
		EndReloadAssembly (754ms)
			LoadAssemblies (79ms)
			RebuildTransferFunctionScriptingTraits (0ms)
			SetupTypeCache (243ms)
			ReleaseScriptCaches (0ms)
			RebuildScriptCaches (55ms)
			SetupLoadedEditorAssemblies (348ms)
				LogAssemblyErrors (0ms)
				InitializePlatformSupportModulesInManaged (15ms)
				SetLoadedEditorAssemblies (0ms)
				RefreshPlugins (1ms)
				BeforeProcessingInitializeOnLoad (72ms)
				ProcessInitializeOnLoadAttributes (231ms)
				ProcessInitializeOnLoadMethodAttributes (24ms)
				AfterProcessingInitializeOnLoad (4ms)
				EditorAssembliesLoaded (0ms)
			ExecutionOrderSort2 (0ms)
			AwakeInstancesAfterBackupRestoration (7ms)
Platform modules already initialized, skipping
========================================================================
Worker process is ready to serve import requests
Launched and connected shader compiler UnityShaderCompiler.exe after 0.04 seconds
Refreshing native plugins compatible for Editor in 0.54 ms, found 3 plugins.
Preloading 0 native plugins for Editor in 0.00 ms.
Unloading 3600 Unused Serialized files (Serialized files now loaded: 0)
Unloading 40 unused Assets / (184.6 KB). Loaded Objects now: 4086.
Memory consumption went from 214.3 MB to 214.1 MB.
Total: 3.353600 ms (FindLiveObjects: 0.253500 ms CreateObjectMapping: 0.109800 ms MarkObjects: 2.844300 ms  DeleteObjects: 0.144700 ms)

AssetImportParameters requested are different than current active one (requested -> active):
  custom:video-decoder-ogg-theora: a1e56fd34408186e4bbccfd4996cb3dc -> 
  custom:container-muxer-webm: aa71ff27fc2769a1b78a27578f13a17b -> 
  custom:container-demuxer-webm: 4f35f7cbe854078d1ac9338744f61a02 -> 
  custom:video-encoder-webm-vp8: eb34c28f22e8b96e1ab97ce403110664 -> 
  custom:video-codec-MediaFoundation-h265: 746d11721c4dcdbdad8f713fa42b33f4 -> 
  custom:audio-encoder-webm-vorbis: bf7c407c2cedff20999df2af8eb42d56 -> 
  custom:framework-win-MediaFoundation: 216162199b28c13a410421893ffa2e32 -> 
  custom:container-demuxer-ogg: 62fdf1f143b41e24485cea50d1cbac27 -> 
  custom:video-decoder-webm-vp8: 9c59270c3fd7afecdb556c50c9e8de78 -> 
  custom:audio-decoder-ogg-vorbis: bf7c407c2cedff20999df2af8eb42d56 -> 
========================================================================
Received Import Request.
  Time since last request: 87490.701614 seconds.
  path: Assets/New Terrain.asset
  artifactKey: Guid(c9bc991d61ebbd44694402d47764add6) Importer(815301076,1909f56bfc062723c751e8b465ee728b)
Start importing Assets/New Terrain.asset using Guid(c9bc991d61ebbd44694402d47764add6) Importer(815301076,1909f56bfc062723c751e8b465ee728b)  -> (artifact id: 'b8fc947ee25a00eab0c0b1be1a5a9f29') in 0.036012 seconds 
========================================================================
Received Import Request.
  Time since last request: 0.000034 seconds.
  path: Assets/Prefabs/Base_Game/Abbot-Base_Game_C2_Tile_R_Garden 1.prefab
  artifactKey: Guid(fefd2eec34a539c4b9db5ecdf1894074) Importer(815301076,1909f56bfc062723c751e8b465ee728b)
Start importing Assets/Prefabs/Base_Game/Abbot-Base_Game_C2_Tile_R_Garden 1.prefab using Guid(fefd2eec34a539c4b9db5ecdf1894074) Importer(815301076,1909f56bfc062723c751e8b465ee728b)  -> (artifact id: '6d377d964b8f0ad6403de3438f3b6ba9') in 0.083977 seconds 
========================================================================
Received Import Request.
  Time since last request: 0.000024 seconds.
  path: Assets/Prefabs/Base_Game/Base_Game_C2_Tile_L.prefab
  artifactKey: Guid(88e97ca7a769ba349a706e1a12113f85) Importer(815301076,1909f56bfc062723c751e8b465ee728b)
Start importing Assets/Prefabs/Base_Game/Base_Game_C2_Tile_L.prefab using Guid(88e97ca7a769ba349a706e1a12113f85) Importer(815301076,1909f56bfc062723c751e8b465ee728b)  -> (artifact id: 'd3c4117f763e0a2f7f8b8af186c59a21') in 0.031938 seconds 
========================================================================
Received Import Request.
  Time since last request: 0.000070 seconds.
  path: Assets/Prefabs/Base_Game/Abbot-Base_Game_C2_Tile_M_Garden 1.prefab
  artifactKey: Guid(50f3b47f511cacd42b7d272fb1082711) Importer(815301076,1909f56bfc062723c751e8b465ee728b)
Start importing Assets/Prefabs/Base_Game/Abbot-Base_Game_C2_Tile_M_Garden 1.prefab using Guid(50f3b47f511cacd42b7d272fb1082711) Importer(815301076,1909f56bfc062723c751e8b465ee728b)  -> (artifact id: '1a071c53de2cce08f03257babe2d81e6') in 0.026272 seconds 
========================================================================
Received Import Request.
  Time since last request: 0.000026 seconds.
  path: Assets/New Terrain 2.asset
  artifactKey: Guid(23add71270e484c42b1698bf68c16bc6) Importer(815301076,1909f56bfc062723c751e8b465ee728b)
Start importing Assets/New Terrain 2.asset using Guid(23add71270e484c42b1698bf68c16bc6) Importer(815301076,1909f56bfc062723c751e8b465ee728b)  -> (artifact id: '87c6299d65211015fb11d6d2ee58c552') in 0.050875 seconds 
========================================================================
Received Import Request.
  Time since last request: 0.000034 seconds.
  path: Assets/Prefabs/Base_Game/Base_Game_C2_Tile_K 1.prefab
  artifactKey: Guid(0b70b495acefbb243ba2bf83e259f881) Importer(815301076,1909f56bfc062723c751e8b465ee728b)
Start importing Assets/Prefabs/Base_Game/Base_Game_C2_Tile_K 1.prefab using Guid(0b70b495acefbb243ba2bf83e259f881) Importer(815301076,1909f56bfc062723c751e8b465ee728b)  -> (artifact id: '1686db15c146aa025da254aff91b8112') in 0.025475 seconds 
========================================================================
Received Import Request.
  Time since last request: 0.000056 seconds.
  path: Assets/Prefabs/Base_Game/Abbot-Base_Game_C2_Tile_I_Garden 1.prefab
  artifactKey: Guid(1568d848bfbc5254192300ee403b1816) Importer(815301076,1909f56bfc062723c751e8b465ee728b)
Start importing Assets/Prefabs/Base_Game/Abbot-Base_Game_C2_Tile_I_Garden 1.prefab using Guid(1568d848bfbc5254192300ee403b1816) Importer(815301076,1909f56bfc062723c751e8b465ee728b)  -> (artifact id: '9cea9f3d2eeff2b3820bdc0b263e2959') in 0.034499 seconds 
========================================================================
Received Import Request.
  Time since last request: 0.000028 seconds.
  path: Assets/Prefabs/Base_Game/Base_Game_C2_Tile_I 1.prefab
  artifactKey: Guid(dade68878fd677a4a8a4d4d057a41f57) Importer(815301076,1909f56bfc062723c751e8b465ee728b)
Start importing Assets/Prefabs/Base_Game/Base_Game_C2_Tile_I 1.prefab using Guid(dade68878fd677a4a8a4d4d057a41f57) Importer(815301076,1909f56bfc062723c751e8b465ee728b)  -> (artifact id: 'e90b464d541501434700662ae1748b30') in 0.026877 seconds 
========================================================================
Received Import Request.
  Time since last request: 0.000045 seconds.
  path: Assets/Prefabs/Base_Game/Base_Game_C2_Tile_S.prefab
  artifactKey: Guid(0cb096acbb314804780c3b809399a160) Importer(815301076,1909f56bfc062723c751e8b465ee728b)
Start importing Assets/Prefabs/Base_Game/Base_Game_C2_Tile_S.prefab using Guid(0cb096acbb314804780c3b809399a160) Importer(815301076,1909f56bfc062723c751e8b465ee728b)  -> (artifact id: 'e9042a785786e3b43f213c2063126b50') in 0.024241 seconds 
========================================================================
Received Import Request.
  Time since last request: 0.000045 seconds.
  path: Assets/Prefabs/Base_Game/Abbot-Base_Game_C2_Tile_N_Garden 1.prefab
  artifactKey: Guid(a6f82c7dbe8518a4186fd295cd3401de) Importer(815301076,1909f56bfc062723c751e8b465ee728b)
Start importing Assets/Prefabs/Base_Game/Abbot-Base_Game_C2_Tile_N_Garden 1.prefab using Guid(a6f82c7dbe8518a4186fd295cd3401de) Importer(815301076,1909f56bfc062723c751e8b465ee728b)  -> (artifact id: 'c7251b28edb3231d90a620949b1f9389') in 0.019417 seconds 
========================================================================
Received Import Request.
  Time since last request: 0.674336 seconds.
  path: Assets/Prefabs/River/rive_double_city.prefab
  artifactKey: Guid(b464e2c713f80f64fb034e195de35bda) Importer(815301076,1909f56bfc062723c751e8b465ee728b)
Start importing Assets/Prefabs/River/rive_double_city.prefab using Guid(b464e2c713f80f64fb034e195de35bda) Importer(815301076,1909f56bfc062723c751e8b465ee728b)  -> (artifact id: 'ed26fb7653b474cbb067b1e45ff7c73a') in 0.027307 seconds 
========================================================================
Received Import Request.
  Time since last request: 0.000032 seconds.
  path: Assets/Prefabs/River/river_turn_top_left_city.prefab
  artifactKey: Guid(d7c63a22342c8c646b033d6191c52931) Importer(815301076,1909f56bfc062723c751e8b465ee728b)
Start importing Assets/Prefabs/River/river_turn_top_left_city.prefab using Guid(d7c63a22342c8c646b033d6191c52931) Importer(815301076,1909f56bfc062723c751e8b465ee728b)  -> (artifact id: '54afe2f12b900a665d690bff78fdb79f') in 0.025471 seconds 
========================================================================
Received Import Request.
  Time since last request: 0.292691 seconds.
  path: Assets/Prefabs/FogMat.mat
  artifactKey: Guid(42a2b5822ddfc0840970ba0bd4ac74f8) Importer(815301076,1909f56bfc062723c751e8b465ee728b)
Start importing Assets/Prefabs/FogMat.mat using Guid(42a2b5822ddfc0840970ba0bd4ac74f8) Importer(815301076,1909f56bfc062723c751e8b465ee728b)  -> (artifact id: '4df0446ed63b681ccb35afde005cd278') in 0.040637 seconds 
========================================================================
Received Prepare
Registering precompiled user dll's ...
Registered in 0.003345 seconds.
Begin MonoManager ReloadAssembly
Symbol file LoadedFromMemory doesn't match image C:\Users\tory\Desktop\unity Git´\Carcassone\Library\PackageCache\com.unity.visualscripting@1.7.8\Editor\VisualScripting.Core\Dependencies\YamlDotNet\Unity.VisualScripting.YamlDotNet.dll
Symbol file LoadedFromMemory doesn't match image C:\Users\tory\Desktop\unity Git´\Carcassone\Library\PackageCache\com.unity.visualscripting@1.7.8\Editor\VisualScripting.Core\Dependencies\DotNetZip\Unity.VisualScripting.IonicZip.dll
Native extension for WindowsStandalone target not found
Native extension for iOS target not found
Refreshing native plugins compatible for Editor in 0.48 ms, found 3 plugins.
Preloading 0 native plugins for Editor in 0.00 ms.
Mono: successfully reloaded assembly
- Completed reload, in  0.983 seconds
Domain Reload Profiling:
	ReloadAssembly (984ms)
		BeginReloadAssembly (138ms)
			ExecutionOrderSort (0ms)
			DisableScriptedObjects (5ms)
			BackupInstance (0ms)
			ReleaseScriptingObjects (0ms)
			CreateAndSetChildDomain (40ms)
		EndReloadAssembly (770ms)
			LoadAssemblies (83ms)
			RebuildTransferFunctionScriptingTraits (0ms)
			SetupTypeCache (226ms)
			ReleaseScriptCaches (1ms)
			RebuildScriptCaches (41ms)
			SetupLoadedEditorAssemblies (381ms)
				LogAssemblyErrors (0ms)
				InitializePlatformSupportModulesInManaged (24ms)
				SetLoadedEditorAssemblies (0ms)
				RefreshPlugins (1ms)
				BeforeProcessingInitializeOnLoad (60ms)
				ProcessInitializeOnLoadAttributes (255ms)
				ProcessInitializeOnLoadMethodAttributes (36ms)
				AfterProcessingInitializeOnLoad (5ms)
				EditorAssembliesLoaded (1ms)
			ExecutionOrderSort2 (0ms)
			AwakeInstancesAfterBackupRestoration (7ms)
Platform modules already initialized, skipping
Refreshing native plugins compatible for Editor in 2.62 ms, found 3 plugins.
Preloading 0 native plugins for Editor in 0.00 ms.
Unloading 3581 Unused Serialized files (Serialized files now loaded: 0)
Unloading 22 unused Assets / (151.7 KB). Loaded Objects now: 4146.
Memory consumption went from 217.5 MB to 217.3 MB.
Total: 3.098500 ms (FindLiveObjects: 0.231600 ms CreateObjectMapping: 0.142700 ms MarkObjects: 2.579500 ms  DeleteObjects: 0.143600 ms)

AssetImportParameters requested are different than current active one (requested -> active):
  custom:video-decoder-ogg-theora: a1e56fd34408186e4bbccfd4996cb3dc -> 
  custom:container-muxer-webm: aa71ff27fc2769a1b78a27578f13a17b -> 
  custom:container-demuxer-webm: 4f35f7cbe854078d1ac9338744f61a02 -> 
  custom:video-encoder-webm-vp8: eb34c28f22e8b96e1ab97ce403110664 -> 
  custom:video-codec-MediaFoundation-h265: 746d11721c4dcdbdad8f713fa42b33f4 -> 
  custom:audio-encoder-webm-vorbis: bf7c407c2cedff20999df2af8eb42d56 -> 
  custom:framework-win-MediaFoundation: 216162199b28c13a410421893ffa2e32 -> 
  custom:container-demuxer-ogg: 62fdf1f143b41e24485cea50d1cbac27 -> 
  custom:video-decoder-webm-vp8: 9c59270c3fd7afecdb556c50c9e8de78 -> 
  custom:audio-decoder-ogg-vorbis: bf7c407c2cedff20999df2af8eb42d56 -> 
Editor requested this worker to shutdown with reason: Scaling down because of idle timeout
AssetImportWorker is now disconnected from the server
Process exiting
Exiting without the bug reporter. Application will terminate with return code 0